[   0.0000] inx erion 4.15.-8-generic uild@lw01-ad64-036) gcc erion 74. (Ubunu .4.0ubuntu1~18.04.1)) #88-Ubuntu SMP Tue Feb 11 20:11:34 UTC 2020 (Ubuntu 4.15.0-.88-geneic4.1518
[   0.00000] Commndline: BOOT_IMAGE=/boot/vmlinuz-4.15.0-88-generic root=UUID=06939aff-ebbb-404e-af75-c50f2c65007 r consol=ty1 consolettyS0
[    .00000] EREL supored cpus:
    0.0000]   InteGenunentel
[   0.0000]  AD AutheicAM
    .00000] Centaur CentaurHul
[    000000]x8/fpu:SuportinXSAV fatre0x01 'x87flatngpoint registers'
[    0.0000 x6/fpu:Suporting XSAVE feture 0x02 'SS rgisters
[    0.00000] x86/fpu: Supporting XSAVE feature 0x004: 'AVX registers'
[   0.00000] x86/fu:xstat_offset[]: 576, xsat_size[2:  2
[   0.00000] 86fpu: Enbld xstae eatues0x, onex sizeis832 ytes, sig 'sanard'format.
[    0.00000 e820: BIOS-providedphsicaRAM m:
[  0.00000]BIOSe80: [mem 0x0000000000000x000000000fbff] uabe
[   0.0000] IO-e20 [em 0x00000000000fc00-0x0000000009fff] reserved
   0.0000] BS-e82 [memx000000000f00-0x00000000000fffff] reserved
[   0.0000] BIOS-e820: [mem 0x000000000100000-0x000000003ffeffff] usable
   0.0000] IO-e8: [me 000000003fff0000-0x000000003ffffff] ACPIdata
[   0.00000 BIO-e20: [m 0x0000000fc00000-0000000ec00ff]reserd
[  0.00000 BIO-e20: me 0x000000fe0000-0x00000000fee00fff] reserved
[    0.000000] BIOS-e820: [mem 0x00000000fffc0000-0x00000000ffffffff] reserved
[    0.000000] NX (Execute Disable) protection: active
[    0.000000] SMBIOS 2.5 present.
[    0.000000] DMI: innotek GmbH VirtualBox/VirtualBox BIO VrtualBx 2/01206
[   0.00000] Hyperviordetected: KVM
[    0.000000] e820: last_pfn = 0x3fff0 max_arch_pfn = 0x400000000
[    0.000000] MTRR: Disabled
[    0.000000] x86/PAT: MTRRs disabled, skipping PAT initialization too.
   0.0000] CPU MRRs llblak  virtalze sstem.
[   0.0000] 86PAT: Coigurati [0-7]:WB WT  UC-UC  WB  WT  UC- UC  
[    0.000000] found SMP MP-table at [mem 0x0009fff0-0x0009ffff]
[    0.000000] Sanin 1areas for lowmemoy coruption
[   .000000]RAMDISK: [mem 0x35963000-0x36ca8fff]
[    0.000000] ACPI: Early table checksum verification disabled
[    0.000000] ACPI: RSDP 0x00000000000E0000 000024 (v02 VBOX  )
[    0.000000] ACPI: XSDT 0x000000003FFF0030 00003C (v01 VBOX   VBOXXSDT 00000001 ASL  00000061)
[    0.000000] ACPI: FACP 0x000000003FFF00F0 0000F4 (v04 VBOX   VBOXFACP 00000001 ASL  00000061)
[    0.000000] ACPI: DSDT 0x000000003FFF0470 0021FF (v02 VBOX   VBOXBIOS 00000002 INTL 20100528)
[    0.000000] ACPI: FACS 0x000000003FFF0200 000040
[   0.0000] CPI: FACS x000000003FFF0200 0040
   0.0000] ACPI AIC 00000003FF040 0000 (v02 VBOX   VBOXAPC 000001ASL  000001)
   0.000000 ACP: SSD 000000003FFF02A0 0001CC (v01 VBOX   VBOXCPUT 00000002 INTL 20100528)
[    0.000000] No NUMA configuration found
[    0.000000] Faking a nodat [mm x0000000000000-00000003fffff]
[  0.0000] NDE_DATA(0)llocated [mem 0x3ffc5000-0x3ffeffff]
[    0.000000] vm-clk: cu , ms 03ff44001, primary cpu clock
[    0.000000] kvm-clock: Using msrs 4b564d01 and 4b564d00
[    0.000000] kvm-clock: using sched offset of 4000556264 cycles
[    0.000000] clocksource: kvm-clock: mask: 0xffffffffffffffff max_cycles: 0x1cd42e4dffb, max_idl_ns: 881505148 ns
[   0.0000] on ranges:
[    0.000000   DMA    me 0x00000000100-x00000000fffff
    000000]   DMA32    [mem 0x0000000001000000-0x000000003ffeffff]
[    0.000000]   Normal   empty
[   0.0000]  Deice   empt
[   .000000] Movable zoe strt fo eac node
[    0.000000] Early memory node ranges
[    0.000000]   node   0: [mm 0x0000000000001000-0x000000000009efff]
[   0.00000   noe  0: [m 0x0000000010000-0x000000003ffeffff]
[    0.000000] Reserved but unavailae: 98 pags
[    0.000000] Initmem setp ode 0[mm 0x0000000000001000-0x000000003ffeffff]
[    0.000000] ACPI: PM-Timer IO Port: 0x4008
[   0.000000] IOAPIC[0]: apic_id 2, version 32, address 0xfec00000, GSI 0-23
[    .00000ACPI:IN_SRCOV (bu 0bus_i 0 glba_irq2 dfl dfl)
[   .00000] CPI: IT_RC_OV (bus  bs_ir 9 gloalirq  low level)
[    0.000000] Usng ACPI(MDT) r SM cnfiguration nfrmaton
[  0.0000] smoot: Alowing 2 CPUs, 0 hotplu CPU
    0.00000] PM: Registered nosave memory: [mem 0x0000000-0x0000fff]
[  0.0000] PM Registered nosave memory: [mem 0x0009f000-0x0009fff]
[   0.000000] PM: Registered nosave memory: [mem 0x000a0000-0x000effff]
[    0.000000] PM: Registered nosave memory: [mem 0x000f0000-0x000fffff]
[   0.0000 e20: [mem 0x40000000-0xfebfffff] avalale fr CI devices
[    0.000000] Booting paravirtualized kernel on KVM
[    0.000000] clocksourc refne-jiffies: mask: 0xffffffff max_cycle 0xffffffff, max_idle_ns: 764551960021156 n
[   0.00000random:et_rndm_byt caledfrom star_kerel0x99/04fd with crng_init=0
[    .00000] stu_percpu N_CPUS:19 n_cumask_bis: nr_cpu_ids:2 nr_node_ids:1
[    0.000000] percpu: Embedded 45 page/cu s1445 r819d28672u14857
    000000] P qspinoc hash abe entries: 256 (order: 0, 96 bte)
[    .000000]Bult 1 zoelists, mobility grouping on.  Total pages: 257913
[    0.000000] Policy zone: DMA32
[    0.000000] Kernel command line: BOOT_IMAGE=/boot/vmlinuz-4.15.0-88-generic root=UUID=06939aff-ebbb-404e-af75-c50f2c650070 ro console=tty1 console=ttyS0
[    0.000000] Memory: 982536K/1048120K available (12300K ernelcoe, 2481Krwdata,424K rota, 42K it, 2712K bs, 558K eserved,K cmareerve)
[  0.0000] SLUB Halig=6, Order=-3, Minbjcts=0 CPUs=2, Nodes=1
[   .00000]KerneUserpae tabesisolaio: enabld
[    0.000000] ftrace: alloatng 934 enris in15 pag
[    0.0400] Herrchical CUimplementtion.
   0.0400] CU retrictin CPU fom N_CUS=892to ncpu_ds2.
[  0.0400]	Tsks RCU enabled.
[    004000 RU: Ajutingeomery for rc_fnout_ea=16, nr_puids=2
[   .00400] NR_IRQS: 524544, nrirqs: 440, preallocated irqs: 16
[   0.004000] Console: colour VGA+ 80x25
[    0.004000] console [tty1] enabled
[   .00400]consle[tty0]enabed
[   .004000 API: Coe evisio201701
[    0.004000] ACPI: 2 ACPI AML tables successfully acquired and loaded

[    0.004000] APIC: Switch to symmetric I/O mode setup
[    0.004336] x2apic enabled
[    0.005299] Switched APIC routing to physical x2apic.
[    0.009241] ..TIMER: vector=0x30 apic1=0 pin1=2 apic2=-1 pin2=-1
[    0.012006] tsc: Detected 1599.999 MHz processor
[    0.016020] Calibrating delay loop (skipped) preset value.. 3199.99 BogoMIPS (lpj=6399996)
[    0.020009] pid_max: default: 32768 minimum: 301
[    0.024056] Security Framework initialized
[    0.028008] Yama: becoming mindful.
[    0.032041] AppArmor: AppArmor initialized
[    0.036174] Dentry cache hash table entries: 131072 (order: 8, 1048576 bytes)
[    0.040097] Inode-cache hash table entries: 65536 (order: 7, 524288 bytes)
[    0.044036] Mount-cache hash table entries: 2048 (order: 2, 16384 bytes)
[    0.048024] Mountpoint-cache hash table entries: 2048 (order: 2, 16384 bytes)
[    0.052359] Last level iTLB entries: 4KB 64, 2MB 8, 4MB 8
[    0.056007] Last level dTLB entries: 4KB 64, 2MB 0, 4MB 0, 1GB 4
[    0.059552] Spectre V1 : Mitigation: usercopy/swapgs barriers and __user pointer sanitization
[    0.060007] Spectre V2 : Mitigation: Full generic retpoline
[    0.064006] Spectre V2 : Spectre v2 / SpectreRSB mitigation: Filling RSB on context switch
[    0.068006] Speculative Store Bypass: Vulnerable
[    0.072052] MDS: Vulnerable: Clear CPU buffers attempted, no microcode
[    0.076181] Freeing SMP alternatives memory: 36K
[    0.190474] smpboot: CPU0: Intel(R) Core(TM) i5-5250U CPU @ 1.60GHz (family: 0x6, model: 0x3d, stepping: 0x4)
[    0.192106] Performance Events: unsupported p6 CPU model 61 no PMU driver, software events only.
[    0.196059] Hierarchical SRCU implementation.
[    0.200665] NMI watchdog: Perf event create on CPU 0 failed with -2
[    0.204007] NMI watchdog: Perf NMI watchdog permanently disabled
[    0.208093] smp: Bringing up secondary CPUs ...
[    0.212318] x86: Booting SMP configuration:
[    0.216008] .... node  #0, CPUs:      #1
[    0.004000] kvm-clock: cpu 1, msr 0:3ff44041, secondary cpu clock
[    0.234503] smp: Brought up 1 node, 2 CPUs
[    0.236015] smpboot: Max logical packages: 1
[    0.240010] smpboot: Total of 2 processors activated (6399.99 BogoMIPS)
[    0.244203] devtmpfs: initialized
[    0.248078] x86/mm: Memory block size: 128MB
[    0.252196] evm: security.selinux
[    0.256010] evm: security.SMACK64
[    0.260005] evm: security.SMACK64EXEC
[    0.264006] evm: security.SMACK64TRANSMUTE
[    0.268007] evm: security.SMACK64MMAP
[    0.272006] evm: security.apparmor
[    0.276006] evm: security.ima
[    0.280005] evm: security.capability
[    0.284151] clocksource: jiffies: mask: 0xffffffff max_cycles: 0xffffffff, max_idle_ns: 7645041785100000 ns
[    0.288019] futex hash table entries: 512 (order: 3, 32768 bytes)
[    0.296030] pinctrl core: initialized pinctrl subsystem
[    0.300135] RTC time: 13:46:21, date: 03/13/20
[    0.304267] NET: Registered protocol family 16
[    0.308156] audit: initializing netlink subsys (disabled)
[    0.312070] audit: type=2000 audit(1584107165.325:1): state=initialized audit_enabled=0 res=1
[    0.444113] cpuidle: using governor ladder
[    0.448025] cpuidle: using governor menu
[    0.452063] ACPI: bus type PCI registered
[    0.456009] acpiphp: ACPI Hot Plug PCI Controller Driver version: 0.5
[    0.460166] PCI: Using configuration type 1 for base access
[    0.469428] HugeTLB registered 2.00 MiB page size, pre-allocated 0 pages
[    0.476111] ACPI: Added _OSI(Module Device)
[    0.480014] ACPI: Added _OSI(Processor Device)
[    0.484008] ACPI: Added _OSI(3.0 _SCP Extensions)
[    0.488008] ACPI: Added _OSI(Processor Aggregator Device)
[    0.492009] ACPI: Added _OSI(Linux-Dell-Video)
[    0.496014] ACPI: Added _OSI(Linux-Lenovo-NV-HDMI-Audio)
[    0.500009] ACPI: Added _OSI(Linux-HPI-Hybrid-Graphics)
[    0.504296] ACPI: Executed 1 blocks of module-level executable AML code
[    0.513204] ACPI: Interpreter enabled
[    0.516031] ACPI: (supports S0 S5)
[    0.520006] ACPI: Using IOAPIC for interrupt routing
[    0.524283] PCI: Using host bridge windows from ACPI; if necessary, use "pci=nocrs" and report a bug
[    0.528199] ACPI: Enabled 2 GPEs in block 00 to 07
[    0.542892] ACPI: PCI Root Bridge [PCI0] (domain 0000 [bus 00-ff])
[    0.544059] acpi PNP0A03:00: _OSC: OS supports [ASPM ClockPM Segments MSI]
[    0.548062] acpi PNP0A03:00: _OSC: not requesting OS control; OS requires [ExtendedConfig ASPM ClockPM MSI]
[    0.552027] acpi PNP0A03:00: fail to add MMCONFIG information, can't access extended PCI configuration space under this bridge.
[    0.556395] PCI host bridge to bus 0000:00
[    0.560013] pci_bus 0000:00: root bus resource [io  0x0000-0x0cf7 window]
[    0.564011] pci_bus 0000:00: root bus resource [io  0x0d00-0xffff window]
[    0.568010] pci_bus 0000:00: root bus resource [mem 0x000a0000-0x000bffff window]
[    0.572011] pci_bus 0000:00: root bus resource [mem 0x40000000-0xfdffffff window]
[    0.576011] pci_bus 0000:00: root bus resource [bus 00-ff]
[    0.585343] pci 0000:00:01.1: legacy IDE quirk: reg 0x10: [io  0x01f0-0x01f7]
[    0.588011] pci 0000:00:01.1: legacy IDE quirk: reg 0x14: [io  0x03f6]
[    0.592012] pci 0000:00:01.1: legacy IDE quirk: reg 0x18: [io  0x0170-0x0177]
[    0.596012] pci 0000:00:01.1: legacy IDE quirk: reg 0x1c: [io  0x0376]
[    0.621725] pci 0000:00:07.0: quirk: [io  0x4000-0x403f] claimed by PIIX4 ACPI
[    0.624025] pci 0000:00:07.0: quirk: [io  0x4100-0x410f] claimed by PIIX4 SMB
[    0.646002] ACPI: PCI Interrupt Link [LNKA] (IRQs 5 9 10 *11)
[    0.648369] ACPI: PCI Interrupt Link [LNKB] (IRQs 5 9 *10 11)
[    0.652217] ACPI: PCI Interrupt Link [LNKC] (IRQs 5 *9 10 11)
[    0.656166] ACPI: PCI Interrupt Link [LNKD] (IRQs 5 9910 *11)
[    0.660494] SCSI subsystem initialized
[    0.664097] pci 0000:00:02.0: vgaarb: setting as boot VGA device
[    0.668000] pci 0000:00:02.0: vgaarb: VGA device added: decodes=io+mem,owns=io+mem,locks=none
[    0.668017] pci 0000:00:02.0: vgaarb: bridge control possible
[    0.672008] vgaarb: loaded
[    0.676062] ACPI: bus type USB registered
[    0.680046] usbcore: registered new interface driver usbfs
[    0.684015] usbcore: registered new interface driver hub
[    0.688054] usbcore: registered new device driver usb
[    0.692264] EDAC MC: Ver: 3.0.0
[    0.696282] PCI: Using ACPI for IRQ routing
[    0.700367] NetLabel: Initializing
[    0.704005] NetLabel:  domain hash size = 128
[    0.708005] NetLabel:  protocols = UNLABELED CIPSOv4 CALIPSO
[    0.712033] NetLabel:  unlabeled traffic allowed by default
[    0.716125] clocksource: Switched to clocksource kvm-clock
[   .7807] VFSDi qtadqot_6.6.0
[  1121]FSDqt-chha tlentes512 (order 0, 4096 bytes)

[    1.904857] AppArmor: AppArmor Filesystem Enabled
[    1.909204] pnp: PnP ACPI init
[    1.955771] pnp: PnP ACPI: found 3 devices
[  1817]losoceac_p mk:xffff x_cl: xfff, max_ie_s:2085014 
  3.41] T:egted otol miy 

[    .87535 T eabisedhash table entries: 8192 (order: 4, 65536 bytes)
[    4.234547] TCP bind hash table entie 82 order: 5, 107bys)
[    4.607158] TCP: Hash tables coniged(eabisd 92bind 892
[  5364] UDP hash table entries: 512 (order: 2, 16384 bytes)
[    5.230067] UDP-Lite hash table entries 5 (order: 2, 16384 bytes)
[    5.319448] NET: Registered protocol family 1
[    5.320639] pi 00:0:00:imindictCI/PCI taner
[   5.9046 p 00::0.0AcvangSADMA hng wokaun
[   6485] ci00:00:02.0: Vide dicwi sdod M  [m 0000-000ff]
[  .8820]Unckg itmf...
[    8.589241] Freeing initrd memory: 19736K
[    8.640825] clocksource: tsc: mask: 0xffffffffffffffff max_cycles: 0x171023f09ff, max_idle_ns: 440795233615 ns
[    8.662831] platform rtc_cmos: registered platform RTC device (no PNP device found)
[    8.699906] Scanning for low memory corruption every 60 seconds
[    8.721627] Initialise system trusted keyrings
[    8.739450] Key type blacklist registered
[    8.751546] workingset: timestamp_bits=36 max_order=18 bucket_order=0
[    8.769933] zbud: loaded
[    8.771446] squashfs: version 4.0 (2009/01/31) Phillip Lougher
[    8.782807] fuse init (API version 7.26)
[    8.817763] Key type asymmetric registered
[    8.840380] Asymmetric key parser 'x509' registered
[    8.868812] Block layer SCSI generic (bsg) driver version 0.4 loaded (major 246)
[    8.909392] io scheduler noop registered
[    8.919115] io scheduler deadline registered
[    8.965032] io scheduler cfq registered (default)
[    9.029848] ACPI: AC Adapter [AC] (on-line)
[    9.066404] input: Power Button as /devices/LNXSYSTM:00/LNXPWRBN:00/input/input0
[    9.162690] ACPI: Power Button [PWRF]
[    9.206643] input: Sleep Button as /devices/LNXSYSTM:00/LNXSLPBN:00/input/input1
[    9.306543] ACPI: Sleep Button [SLPF]
[    9.329048] Serial: 8250/16550 driver, 32 ports, IRQ sharing enabled
[    9.330210] ACPI: Battery Slot [BAT0] (battery present)
[    9.357341] 00:02: ttyS0 at I/O 0x3f8 (irq = 4, base_baud = 115200) is a 16550A
[    9.484079] Linux agpgart interface v0.103
[    9.552972] loop: module loaded
[    9.574522] scsi host0: ata_piix
[    9.603741] scsi host1: ata_piix
[    9.638586] ata1: PATA max UDMA/33 cmd 0x1f0 ctl 0x3f6 bmdma 0xd000 irq 14
[    9.696454] ata2: PATA max UDMA/33 cmd 0x170 ctl 0x376 bmdma 0xd008 irq 15
[    9.761636] libphy: Fixed MDIO Bus: probed
[    9.765829] tun: Universal TUN/TAP device driver, 1.6
[    9.797089] PPP generic driver version 2.4.2
[    9.829967] ehci_hcd: USB 2.0 'Enhanced' Host Controller (EHCI) Driver
[    9.896749] ehci-pci: EHCI PCI platform driver
[    9.936805] ehci-platform: EHCI generic platform driver
[    9.997996] ohci_hcd: USB 1.1 'Open' Host Controller (OHCI) Driver
[   10.086328] ohci-pci: OHCI PCI platform driver
[   10.170246] ohci-platform: OHCI generic platform driver
[   1.280 ui_d:SBnirsl ost CotrleInrface driver
[  10.87496] 04 PP: /2onroerPN30PS,P0f:PM]t 60x6ir 112
[   12.054012] ero:i82 BD port at 0x60,0x64 irq 1
[   12.234447] serio: i8042 AUX port at 0x60,0x64 irq 12
[   12.236242] mousedev: PS/2 mouse device common for all mice
[   12.287682] input: AT Translated Set 2 keyboard as /devices/platform/i8042/serio0/input/input2
[   12.292658] rtc_cmos rtc_cmos: rtc core: registered rtc_cmos as rtc0
[   12.334023] rtc_cmos rtc_cmos: alarms up to one day, 114 bytes nvram
[   12.342467] i2c /dev entries driver
[   12.359441] device-mapper: uevent: version 1.0.3
[   12.377791] device-mapper: ioctl: 4.37.0-ioctl (2017-09-20) initialised: dm-devel@redhat.com
[   12.411826] ledtrig-cpu: registered to indicate activity on CPUs
[   12.447324] NET: Registered protocol family 10
[   12.486548] Segment Routing with IPv6
[   12.495329] NET: Registered protocol family 17
[   12.516110] Key type dns_resolver registered
[   12.527600] mce: Using 0 MCE banks
[   12.562113] RAS: Correctable Errors collector initialized.
[   12.579672] sched_clock: Marking stable (12579623172, 0)->(36623675028, -24044051856)
[   12.615426] registered taskstats version 1
[   12.631031] Loading compiled-in X.509 certificates
[   12.651412] Loaded X.509 cert 'Build time autogenerated kernel key: f0020782f0d3a548186fb3f47aed88387a71e859'
[   12.720591] zswap: loaded using pool lzo/zbud
[   12.740249] Key type big_key registered
[   12.783637] Key type trusted registered
[   12.812944] Key type encrypted registered
[   12.880472] AppArmor: AppArmor sha1 policy hashing enabled
[   12.908583] ima: No TPM chip found, activating TPM-bypass! (rc=-19)
[   12.961973] ima: Allocated hash algorithm: sha1
[   12.994405] evm: HMAC attrs: 0x1
[   13.016174]   Magic number: 12:571:786
[   13.049165] rtc_cmos rtc_cmos: setting system clock to 2020-03-13 13:46:36 UTC (1584107196)
[   13.101565] BIOS EDD facility v0.16 2004-Jun-25, 0 devices found
[   13.131887] EDD information not available.
[   13.148159] Freeing unused kernel image memory: 2428K
[   13.176743] Write protecting the kernel read-only data: 20480k
[   13.250206] Freeing unused kernel image memory: 2008K
[   13.307604] Freeing unused kernel image memory: 1880K
[   13.338117] x86/mm: Checked W+X mappings: passed, no W+X pages found.
[   13.386387] x86/mm: Checking user space page tables
[   13.394037] x86/mm: Checked W+X mappings: passed, no W+X pages found.
Loading, please wait...
starting version 237
[   13.622512] e1000: Intel(R) PRO/1000 Network Driver - version 7.3.21-k8-NAPI
[   13.629283] e1000: Copyright (c) 1999-2006 Intel Corporation.
[   13.649471] Fusion MPT base driver 3.04.20
[   13.666566] Copyright (c) 1999-2008 LSI Corporation
[   13.670650] AVX2 version of gcm_enc/dec engaged.
[   13.673537] AES CTR mode by8 optimization enabled
[   13.690613] Fusion MPT SPI Host driver 3.04.20
[   13.878804] input: ImExPS/2 Generic Explorer Mouse as /devices/platform/i8042/serio1/input/input4
[   14.101432] e1000 0000:00:03.0 eth0: (PCI:33MHz:32-bit) 02:b4:6b:8c:b8:1a
[   14.117188] e1000 0000:00:03.0 eth0: Intel(R) PRO/1000 Network Connection
[   14.120004] mptbase: ioc0: Initiating bringup
[   14.248433] ioc0: LSI53C1030 A0: Capabilities={Initiator}
[   14.525441] scsi host2: ioc0: LSI53C1030 A0, FwRev=00000000h, Ports=1, MaxQ=256, IRQ=20
[   14.781284] scsi 2:0:0:0: Direct-Access     VBOX     HARDDISK         1.0  PQ: 0 ANSI: 5
[   15.004080] scsi target2:0:0: Beginning Domain Validation
[   15.015148] scsi target2:0:0: Domain Validation skipping write tests
[   15.017423] scsi target2:0:0: Ending Domain Validation
[   15.018530] scsi target2:0:0: asynchronous
[   15.021350] scsi 2:0:1:0: Direct-Access     VBOX     HARDDISK         1.0  PQ: 0 ANSI: 5
[   15.200207] scsi target2:0:1: Beginning Domain Validation
[   15.217035] random: fast init done
[   15.954484] scsi target2:0:1: Domain Validation skipping write tests
[   15.962254] random: systemd-udevd: uninitialized urandom read (16 bytes read)
[   15.985290] scsi target2:0:1: Ending Domain Validation
[   15.988741] random: systemd-udevd: uninitialized urandom read (16 bytes read)
[   16.024766] e1000 0000:00:08.0 eth1: (PCI:33MHz:32-bit) 08:00:27:c0:a1:67
[   16.033918] random: systemd-udevd: uninitialized urandom read (16 bytes read)
[   16.046568] e1000 0000:00:08.0 eth1: Intel(R) PRO/1000 Network Connection
[   16.048506] scsi target2:0:1: asynchronous
[   16.063196] e1000 0000:00:03.0 enp0s3: renamed from eth0
[   16.087574] sd 2:0:0:0: Attached scsi generic sg0 type 0
[   16.099566] sd 2:0:0:0: [sda] 20971520 512-byte logical blocks: (10.7 GB/10.0 GiB)
[   16.101458] sd 2:0:0:0: [sda] Write Protect is off
[   16.102706] sd 2:0:0:0: [sda] Incomplete mode parameter data
[   16.110390] sd 2:0:0:0: [sda] Assuming drive cache: write through
[   16.112267] sd 2:0:1:0: Attached scsi generic sg1 type 0
[   16.114139] e1000 0000:00:08.0 enp0s8: renamed from eth1
[   16.118602] sd 2:0:1:0: [sdb] 20480 512-byte logical blocks: (10.5 MB/10.0 MiB)
[   16.120969]  sda: sda1
[   16.182682] sd 2:0:1:0: [sdb] Write Protect is off
[   16.191387] sd 2:0:1:0: [sdb] Incomplete mode parameter data
[   16.198869] sd 2:0:1:0: [sdb] Assuming drive cache: write through
[   16.201391] sd 2:0:0:0: [sda] Attached SCSI disk
[   16.248583] sd 2:0:1:0: [sdb] Attached SCSI disk
Begin: Loading essential drivers ... [   17.908101] raid6: sse2x1   gen()  4119 MB/s
[   17.972212] raid6: sse2x1   xor()  5215 MB/s
[   18.028145] raid6: sse2x2   gen()  5052 MB/s
[   18.096564] raid6: sse2x2   xor()  5980 MB/s
[   18.200059] raid6: sse2x4   gen() 12220 MB/s
[   18.305482] raid6: sse2x4   xor()  7814 MB/s
[   18.396133] raid6: avx2x1   gen() 15622 MB/s
[   18.496098] raid6: avx2x1   xor() 10844 MB/s
[   18.604582] raid6: avx2x2   gen() 18832 MB/s
[   18.668055] raid6: avx2x2   xor()  5804 MB/s
[   18.728532] raid6: avx2x4   gen() 21917 MB/s
[   18.840334] raid6: avx2x4   xor() 14427 MB/s
[   18.866552] raid6: using algorithm avx2x4 gen() 21917 MB/s
[   18.946184] raid6: .... xor() 14427 MB/s, rmw enabled
[   19.025284] raid6: using avx2x2 recovery algorithm
[   19.112995] xor: automatically using best checksumming function   avx       
[   19.206149] async_tx: api initialized (async)
done.
Begin: Running /scripts/init-premount ... done.
Begin: Mounti[   19.321051] Btrfs loaded, crc32c=crc32c-intel
ng root file system ... Begin: Running /scripts/local-top ... done.
Begin: Running /scripts/local-premount ... Scanning for Btrfs filesystems
done.
Warning: fsck not present, so skipping root file[   19.467811] EXT4-fs (sda1): mounted filesystem with ordered data mode. Opts: (null)
 system
done.
Begin: Running /scripts/local-bottom ... done.
Begin: Running /scripts/init-bottom ... done.
[   19.944981] ip_tables: (C) 2000-2006 Netfilter Core Team
[   20.267134] systemd[1]: systemd 237 running in system mode. (+PAM +AUDIT +SELINUX +IMA +APPARMOR +SMACK +SYSVINIT +UTMP +LIBCRYPTSETUP +GCRYPT +GNUTLS +ACL +XZ +LZ4 +SECCOMP +BLKID +ELFUTILS +KMOD -IDN2 +IDN -PCRE2 default-hierarchy=hybrid)
[   24.570763] systemd[1]: Detected virtualization oracle.
[   25.480021] systemd[1]: Detected architecture x86-64.

Welcome to [1mUbuntu 18.04.4 LTS[0m!

[   26.563602] systemd[1]: Set hostname to <ubuntu-bionic>.
[   28.733473] systemd[1]: Reached target User and Group Name Lookups.
[[0;32m  OK  [0m] Reached target User and Group Name Lookups.
[   29.731631] systemd[1]: Reached target Swap.
[[0;32m  OK  [0m] Reached target Swap.
[   30.416926] systemd[1]: Reached target System Time Synchronized.
[[0;32m  OK  [0m] Reached target System Time Synchronized.
[   31.417266] systemd[1]: Set up automount Arbitrary Executable File Formats File System Automount Point.
[[0;32m  OK  [0m] Set up automount Arbitrary Executab…rmats File System Automount Point.
[   33.427223] systemd[1]: Created slice System Slice.
[[0;32m  OK  [0m] Created slice System Slice.
[   33.469673] systemd[1]: Listening on Network Service Netlink Socket.
[[0;32m  OK  [0m] Listening on Network Service Netlink Socket.
[   33.636473] systemd[1]: Listening on LVM2 poll daemon socket.
[[0;32m  OK  [0m] Listening on LVM2 poll daemon socket.
[   33.694653] systemd[1]: Listening on /dev/initctl Compatibility Named Pipe.
[[0;32m  OK  [0m] Listening on /dev/initctl Compatibility Named Pipe.
[   33.840779] systemd[1]: Listening on Journal Socket.
[[0;32m  OK  [0m] Listening on Journal Socket.
[   34.001110] systemd[1]: Starting Remount Root and Kernel File Systems...
[   34.020753] EXT4-fs (sda1): re-mounted. Opts: (null)
         Starting Remount Root and Kernel File Systems...
[   34.088050] random: crng init done
[   34.091664] random: 7 urandom warning(s) missed due to ratelimiting
[   34.112052] systemd[1]: Mounting POSIX Message Queue File System...
         Mounting POSIX Message Queue File System...
[   34.158663] systemd[1]: Starting Create list of required static device nodes for the current kernel...
         Starting Create list of required st…ce nodes for the current kernel...
[   34.242963] systemd[1]: Mounting Huge Pages File System...
         Mounting Huge Pages File System...
         Starting Uncomplicated firewall...
         Starting Set the console keyboard layout...
[[0;32m  OK  [0m] Created slice system-serial\x2dgetty.slice.
[[0;32m  OK  [0m] Listening on Syslog Socket.
         Mounting Kernel Debug File System...
[[0;32m  OK  [0m] Started Forward Password Requests to Wall Directory Watch.
         Starting Load Kernel Modules...
[[0;32m  OK  [0m] Listening on udev Kernel Socket.
[[0;32m  OK  [0m] Listening on Journal Socket (/dev/log).
[[0;32m  OK  [[   34.665103] Loading iSCSI transport class v2.0-870.
0m] Created slice User and Session Slice.
[[0;32m  OK  [0m] Reached target Slices.
[[0;32m  OK  [0m] Listening on Device-mapper event daemon FIFOs.
[[0;32m  OK  [0m] Listening on udev Control Socket.
         Startin[   34.851366] iscsi: registered transport (tcp)
g udev Coldplug all Devices...
[[0;32m  OK  [0m] Listening on LVM2 metadata daemon socket.
         Starting Monitoring of LVM2 mirrors…ng dmeventd or progress polling...
[[0;32m  OK  [0m] Listening on Journal Audit Socket.
         Starting Journal Service...
[[0;32m  OK  [0m] Started Remount Root and Kernel File Systems.
[[0;32m  OK  [0m] Mounted POSIX Message Queue File System.
[   35.021245] iscsi: registered transport (iser)
[[0;32m  OK  [0m] Started Create list of required sta…vice nodes for the current kernel.
[[0;32m  OK  [0m] Mounted Huge Pages File System.
[[0;32m  OK  [0m] Started Uncomplicated firewall.
[[0;32m  OK  [0m] Mounted Kernel Debug File System.
[[0;32m  OK  [0m] Started Journal Service.
[[0;32m  OK  [0m] Started Load Kernel Modules.
[[0;32m  OK  [0m] Started LVM2 metadata daemon.
         Mounting Kernel Configuration File System...
         Starting Apply Kernel Variables...
         Mounting FUSE Control File System...
         Starting Create Static Device Nodes in /dev...
         Starting Flush Journal to Persistent Storage...
         Starting Load/Save Random Seed...
[[0;32m  OK  [0m] Started Monitoring of LVM2 mirrors,…sing dmeventd or progress polling.
[[0;32m  OK  [0m] Started udev Coldplug all Devices.
[[0;32m  OK  [0m] Mounted Kernel Configuration File System.
[[0;32m  OK  [0m] Started Apply Kernel Variables.
[[0;32m  OK  [0m] Mounted FUSE Control File System.
[[0;32m  OK  [0m] Started Create Static Device Nodes in /dev.
[[0;32m  OK  [0m] Started Load/Save Random Seed.
         Starting udev Kernel Device Manager...
[[0;32m  OK  [0m] Started udev Kernel Device Manager.
[[0;32m  OK  [0m] Started Flush Journal to Persistent Storage.
[[0;32m  OK  [0m] Started Set the console keyboard layout.
[[0;32m  OK  [0m] Reached target Local File Systems (Pre).
[[0;32m  OK  [0m] Reached target Local File Systems.
         Starting Set console font and keymap...
         Starting Tell Plymouth To Write Out Runtime Data...
         Starting ebtables ruleset management...
         Starting AppArmor initialization...
         Starting Create Volatile Files and Directories...
[[0;32m  OK  [0m] Started Dispatch Password Requests to Console Directory Watch.
[[0;32m  OK  [0m] Reached target Local Encrypted Volumes.
[[0;32m  OK  [0m] Started Set console font and keymap.
[[0;32m  OK  [0m] Started Tell Plymouth To Write Out Runtime Data.
[[0;32m  OK  [0m] Started Create Volatile Files and Directories.
[[0;32m  OK  [0m] Found device /dev/ttyS0.
[[0;32m  OK  [0m] Started ebtables ruleset management.
[[0;32m  OK  [0m] Listening on Load/Save RF Kill Switch Status /dev/rfkill Watch.
         Starting Update UTMP about System Boot/Shutdown...
[[0;32m  OK  [0m] Started Update UTMP about System Boot/Shutdown.
[[0;32m  OK  [0m] Started AppArmor initialization.
         Starting Initial cloud-init job (pre-networking)...
[   40.885892] cloud-init[596]: Cloud-init v. 19.4-33-gbb4131a2-0ubuntu1~18.04.1 running 'init-local' at Fri, 13 Mar 2020 13:47:03 +0000. Up 40.53 seconds.
[[0;32m  OK  [0m] Started Initial cloud-init job (pre-networking).
[[0;32m  OK  [0m] Reached target Network (Pre).
         Starting Network Service...
[[0;32m  OK  [0m] Started Network Service.
         Starting Wait for Network to be Configured...
         Starting Network Name Resolution...
[[0;32m  OK  [0m] Started Network Name Resolution.
[[0;32m  OK  [0m] Reached target Host and Network Name Lookups.
[[0;32m  OK  [0m] Reached target Network.
[[0;32m  OK  [0m] Started Wait for Network to be Configured.
         Starting Initial cloud-init job (metadata service crawler)...
[   43.625151] cloud-init[693]: Cloud-init v. 19.4-33-gbb4131a2-0ubuntu1~18.04.1 running 'init' at Fri, 13 Mar 2020 13:47:06 +0000. Up 43.42 seconds.
[   43.704468] cloud-init[693]: ci-info: ++++++++++++++++++++++++++++++++++++++Net device info+++++++++++++++++++++++++++++++++++++++
[   43.732124] cloud-init[693]: ci-info: +--------+------+-----------------------------+---------------+--------+-------------------+
[   43.776324] cloud-init[693]: ci-info: | Device |  Up  |           Address           |      Mask     | Scope  ||    Hw-Address    |
[   43.797367] cloud-init[693]: ci-info: +--------+------+-----------------------------+---------------+--------+-------------------+
[   43.837096] cloud-init[693]: ci-info: | enp0s3 | True |          10.0.2.15          | 255.255.255.0 | global | 02:b4:6b:8c:b8:1a |
[   43.884279] cloud-init[693]: ci-info: | enp0s3 | True |  fe80::b4:6bff:fe8c:b81a/64 |       .       |  link  | 02:b4:6b:8c:b8:1a |
[   43.964705] cloud-init[693]: ci-info: | enp0s8 | True |        192.168.33.10        | 255.255.255.0 | global | 08:00:27:c0:a1:67 |
[[   44.080582] cloud-init[693]: ci-info: | enp0s8 | True | fe80::a00:27ff:fec0:a167/64 |       .       |  link  | 08:00:27:c0:a1:67 |
[   44.081074] cloud-init[693]: ci-info: |   lo   | True |          127.0.0.1          |   255.0.0.0   |  host  |         .         |
[   44.082325] cloud-init[693]: ci-info: |   lo   | True |           ::1/128           |       .       |  host  |         .         |
[0;32m  OK  [0m] Started Initial cloud-init job (metadata service crawler).
[   44.084102] cloud-init[693]: ci-info: +--------+------+-----------------------------+---------------+--------+-------------------+
[[0;32m  OK  [0m] Reached target Cloud-config availability.
[   44.274677] cloud-init[693]: ci-info: +++++++++++++++++++++++++++++Route IPv4 info+++++++++++++++++++++++++++++
[[   44.300848] cloud-init[693]: ci-info: +-------+--------------+----------+-----------------+-----------+-------+
[   44.301162] cloud-init[693]: ci-info: | Route | Destination  | Gateway  |     Genmask     | Interface | Flags |
[0;32m  OK  [0m] Reached target System Initialization.
[   44.301276] cloud-init[693]: ci-info: +-------+--------------+----------+-----------------+-----------+-------+
[[   44.548920] cloud-init[693]: ci-info: |   0   |   0.0.0.0    | 10.0.2.2 |     0.0.0.0     |   enp0s3  |   UG  |
[   44.549242] cloud-init[693]: ci-info: |   1   |   10.0.2.0   | 0.0.0.0  |  255.255.255.0  |   enp0s3  |   U   |
[0;32m  OK  [0m] Listening on Open-iSCSI iscsid Socket.
[   44.549641] cloud-init[693]: ci-info: |   2   |   10.0.2.2   | 0.0.0.0  | 255.255.255.255 |   enp0s3  |   UH  |
[[0;32m  OK  [0m[   44.808882] ] cloud-initStarted Message of the Day.[693]: 
ci-info: |   3   | 192.168.33.0 | 0.0.0.0  |  255.255.255.0  |   enp0s8  |   U   |
[[   44.873111] cloud-init[693]: ci-info: +-------+--------------+----------+-----------------+-----------+-------+
[   44.873736] cloud-init[693]: ci-info: +++++++++++++++++++Route IPv6 info+++++++++++++++++++
[   44.874603] cloud-init[693]: ci-info: +-------+-------------+---------+-----------+-------+
[0;32m  OK  [0m] Listening on ACPID Listen Socket.
[   44.874773] cloud-init[693]: ci-info: | Route | Destination | Gateway | Interface | Flags |
[[   45.149551] cloud-init[693]: ci-info: +-------+-------------+---------+-----------+-------+
[   45.150003] cloud-init[693]: ci-info: |   1   |  fe80::/64  |    ::   |   enp0s8  |   U   |
[0;32m  OK  [0m] Started ACPI Events Check.
[   45.150275] cloud-init[693]: ci-info: |   2   |  fe80::/64  |    ::   |   enp0s3  |   U   |
[   45.305498] cloud-init[693]: ci-info: |   4   |    local    |    ::   |   enp0s3  |   U   |
         Starting Socket activation for snappy daemon.
[[0;32m  OK  [0m] Listening on D-Bus System Message Bus Socket.
[[0;32m  OK  [0m] Reached target Paths.
[   45.339248] cloud-init[693]: ci-info: |   5   |    local    |    ::   |   enp0s8  |   U   |
         Starting LXD - unix socket.
[[0;32m  OK  [0m] Started Daily Cleanup of Temporary Directories.
[[0;32m  OK  [0m] Started Discard unused blocks once a week.
[[0;32m  OK  [0m] Started Daily apt download activities.
[[0;32m  OK  [0m] Started Daily apt upgrade and clean activities.
[[0;32m  OK  [0m] Reached target Timers.
[   45.482678] cloud-init[693]: ci-info: |   6   |   ff00::/8  |    ::   |   enp0s8  |   U   |
[   45.789473] cloud-init[693]: ci-info: |   7   |   ff00::/8  |    ::   |   enp0s3  |   U   |
[   45.844961] cloud-init[693]: ci-info: +-------+-------------+---------+-----------+-------+
[[0;32m  OK  [0m] Listening on UUID daemon activation socket.
[[0;32m  OK  [0m] Reached target Network is Online.
[[0;32m  OK  [0m] Reached target Remote File Systems (Pre).
[[0;32m  OK  [0m] Reached target Remote File Systems.
         Starting Availability of block devices...
[[0;32m  OK  [0m] Listening on Socket activation for snappy daemon.
[[0;32m  OK  [0m] Listening on LXD - unix socket.
[[0;32m  OK  [0m] Started Availability of block devices.
[[0;32m  OK  [0m] Reached target Sockets.
[[0;32m  OK  [0m] Reached target Basic System.
         Starting Dispatcher daemon for systemd-networkd...
         Starting Accounts Service...
[[0;32m  OK  [0m] Started Deferred execution scheduler.
[[0;32m  OK  [0m] Started Regular background program processing daemon.
         Starting System Logging Service...
[[0;32m  OK  [0m] Started FUSE filesystem for LXC.
[[0;32m  OK  [0m] Started irqbalance daemon.
         Starting Login Service...
         Starting vboxadd.service...
         Starting Snappy daemon...
[[0;32m  OK  [0m] Started D-Bus System Message Bus.
         Starting OpenBSD Secure Shell server...
         Starting Permit User Sessions...
         Starting LSB: Record successful boot for GRUB...
         Starting LSB: automatic crash report generation...
         Starting LXD - container startup/shutdown...
[[0;32m  OK  [0m] Started System Logging Service.
[[0;32m  OK  [0m] Started Dispatcher daemon for systemd-networkd.
[[0;32m  OK  [0m] Started Permit User Sessions.
[[0;32m  OK  [0m] Started Login Service.
         Starting Authorization Manager...
[[0;32m  OK  [0m] Started Unattended Upgrades Shutdown.
         Starting Terminate Plymouth Boot Screen...
         Starting Hold until boot process finishes up...
[[0;32m  OK  [0m] Started Terminate Plymouth Boot Screen.
[[0;32m  OK  [0m] Started OpenBSD Secure Shell server.
[[0;32m  OK  [0m] Started LSB: Record successful boot for GRUB.
[[0;32m  OK  [0m] Started vboxadd.service.
[[0;32m  OK  [0m] Started LSB: automatic crash report generation.
[[0;32m  OK  [0m] Started Hold until boot process finishes up.
[[0;32m  OK  [0m] Started Authorization Manager.
[[0;32m  OK  [0m] Started Accounts Service.
         Starting Set console scheme...
[[0;32m  OK  [0m] Started Serial Getty on ttyS0.
         Starting vboxadd-service.service...
[[0;32m  OK  [0m] Started Set console scheme.
[[0;32m  OK  [0m] Created slice system-getty.slice.
[[0;32m  OK  [0m] Started Getty on tty1.
[[0;32m  OK  [0m] Reached target Login Prompts.
[[0;32m  OK  [0m] Started Snappy daemon.
         Starting Wait until snapd is fully seeded...
[[0;32m  OK  [0m] Started vboxadd-service.service.
[[0;32m  OK  [0m] Started Wait until snapd is fully seeded.
         Starting Apply the settings specified in cloud-config...
[[0;32m  OK  [0m] Created slice User Slice of vagrant.
[[0;32m  OK  [0m] Started LXD - container startup/shutdown.
         Starting User Manager for UID 1000...
[[0;32m  OK  [0m] Reached target Multi-User System.
[[0;32m  OK  [0m] Reached target Graphical Interface.
         Starting Update UTMP about System Runlevel Changes...
[[0;32m  OK  [0m] Started Session 1 of user vagrant.
[[0;32m  OK  [0m] Started Update UTMP about System Runlevel Changes.
[[0;32m  OK  [0m] Started User Manager for UID 1000.
[   49.573191] cloud-init[1291]: Cloud-init v. 19.4-33-gbb4131a2-0ubuntu1~18.04.1 running 'modules:config' at Fri, 13 Mar 2020 13:47:12 +0000. Up 49.38 seconds.
[[0;32m  OK  [0m] Started Apply the settings specified in cloud-config.
         Starting Execute cloud user/final scripts...
[   50.536590] cloud-init[1396]: Cloud-init v. 19.4-33-gbb4131a2-0ubuntu1~18.04.1 running 'modules:final' at Fri, 13 Mar 2020 13:47:13 +0000. Up 50.31 seconds.
[[0;32m  OK  [0m] Started Execute cloud user/final scripts.
[   50.640289] cloud-init[[0;32m  OK  [0m] Reached target Cloud-init target.
[1396]: Cloud-init v. 19.4-33-gbb4131a2-0ubuntu1~18.04.1 finished at Fri, 13 Mar 2020 13:47:13 +0000. Datasource DataSourceNoCloud [seed=/dev/sdb][dsmode=net].  Up 50.52 seconds

Ubuntu 18.04.4 LTS ubuntu-bionic ttyS0

ubuntu-bionic login: 